{"/Users/lark/Desktop/address-book-refactor/src/address.js": {"path":"/Users/lark/Desktop/address-book-refactor/src/address.js","statementMap":{"0":{"start":{"line":2,"column":2},"end":{"line":2,"column":21}}},"fnMap":{"0":{"name":"AddressBook","decl":{"start":{"line":1,"column":24},"end":{"line":1,"column":35}},"loc":{"start":{"line":1,"column":38},"end":{"line":3,"column":1}},"line":1}},"branchMap":{},"s":{"0":1},"f":{"0":1},"b":{},"_coverageSchema":"43e27e138ebf9cfc5966b082cf9a028302ed4184","hash":"e1f9884fb701953df810065bbb0bb36c48a70245"}
,"/Users/lark/Desktop/address-book-refactor/src/contact.js": {"path":"/Users/lark/Desktop/address-book-refactor/src/contact.js","statementMap":{"0":{"start":{"line":2,"column":2},"end":{"line":2,"column":29}},"1":{"start":{"line":3,"column":2},"end":{"line":3,"column":27}},"2":{"start":{"line":4,"column":2},"end":{"line":4,"column":33}}},"fnMap":{"0":{"name":"Contact","decl":{"start":{"line":1,"column":24},"end":{"line":1,"column":31}},"loc":{"start":{"line":1,"column":66},"end":{"line":5,"column":1}},"line":1}},"branchMap":{},"s":{"0":1,"1":1,"2":1},"f":{"0":1},"b":{},"_coverageSchema":"43e27e138ebf9cfc5966b082cf9a028302ed4184","hash":"1a0668648bba6f11f848782b2895576155893061"}
}
